\BOOKMARK [1][-]{section.1}{\376\377\004\040\004\065\004\104\004\065\004\100\004\060\004\102}{}% 1
\BOOKMARK [1][-]{section.2}{\376\377\004\022\004\062\004\065\004\064\004\065\004\075\004\070\004\065}{}% 2
\BOOKMARK [1][-]{section.3}{\376\377\004\020\004\075\004\060\004\073\004\070\004\102\004\070\004\107\004\065\004\101\004\072\004\070\004\071\000\040\004\100\004\060\004\067\004\064\004\065\004\073}{}% 3
\BOOKMARK [2][-]{subsection.3.1}{\376\377\004\027\004\060\004\064\004\060\004\107\004\060\000\040\004\060\004\062\004\102\004\076\004\074\004\060\004\102\004\070\004\107\004\065\004\101\004\072\004\076\004\063\004\076\000\040\004\070\004\067\004\062\004\073\004\065\004\107\004\065\004\075\004\070\004\117\000\040\004\072\004\073\004\116\004\107\004\065\004\062\004\113\004\105\000\040\004\101\004\073\004\076\004\062\000\040\004\070\004\067\000\040\004\102\004\065\004\072\004\101\004\102\004\060\000\040\004\075\004\060\000\040\004\065\004\101\004\102\004\065\004\101\004\102\004\062\004\065\004\075\004\075\004\076\004\074\000\040\004\117\004\067\004\113\004\072\004\065}{section.3}% 4
\BOOKMARK [2][-]{subsection.3.2}{\376\377\004\030\004\067\004\062\004\073\004\065\004\107\004\065\004\075\004\070\004\065\000\040\004\072\004\073\004\116\004\107\004\065\004\062\004\113\004\105\000\040\004\101\004\073\004\076\004\062}{section.3}% 5
\BOOKMARK [2][-]{subsection.3.3}{\376\377\004\041\004\070\004\101\004\102\004\065\004\074\004\060\004\102\004\070\004\067\004\060\004\106\004\070\004\117\000\040\004\074\004\065\004\102\004\076\004\064\004\076\004\062}{section.3}% 6
\BOOKMARK [2][-]{subsection.3.4}{\376\377\000T\000F\000-\000I\000D\000F}{section.3}% 7
\BOOKMARK [2][-]{subsection.3.5}{\376\377\000R\000a\000k\000e}{section.3}% 8
\BOOKMARK [2][-]{subsection.3.6}{\376\377\000Y\000a\000k\000e}{section.3}% 9
\BOOKMARK [3][-]{subsubsection.3.6.1}{\376\377\004\037\004\100\004\065\004\064\004\062\004\060\004\100\004\070\004\102\004\065\004\073\004\114\004\075\004\060\004\117\000\040\004\076\004\061\004\100\004\060\004\061\004\076\004\102\004\072\004\060\000\040\004\102\004\065\004\072\004\101\004\102\004\060\000\040\004\070\000\040\004\076\004\077\004\100\004\065\004\064\004\065\004\073\004\065\004\075\004\070\004\065\000\040\004\101\004\077\004\070\004\101\004\072\004\060\000\040\004\072\004\060\004\075\004\064\004\070\004\064\004\060\004\102\004\076\004\062}{subsection.3.6}% 10
\BOOKMARK [3][-]{subsubsection.3.6.2}{\376\377\004\022\004\113\004\107\004\070\004\101\004\073\004\065\004\075\004\070\004\065\000\040\004\101\004\062\004\076\004\071\004\101\004\062}{subsection.3.6}% 11
\BOOKMARK [3][-]{subsubsection.3.6.3}{\376\377\004\040\004\065\004\063\004\070\004\101\004\102\004\100\000\040\000\050\000T\000C\000a\000s\000e\000\051}{subsection.3.6}% 12
\BOOKMARK [3][-]{subsubsection.3.6.4}{\376\377\004\037\004\076\004\067\004\070\004\106\004\070\004\117\000\040\004\102\004\065\004\100\004\074\004\070\004\075\004\060\000\040\000\050\000T\000p\000o\000s\000i\000t\000i\000o\000n\000\051}{subsection.3.6}% 13
\BOOKMARK [3][-]{subsubsection.3.6.5}{\376\377\004\035\004\076\004\100\004\074\004\060\004\073\004\070\004\067\004\060\004\106\004\070\004\117\000\040\004\107\004\060\004\101\004\102\004\076\004\102\004\113\000\040\004\102\004\065\004\100\004\074\004\070\004\075\004\060\000\040\000\050\000T\000F\000n\000o\000r\000m\000\051}{subsection.3.6}% 14
\BOOKMARK [3][-]{subsubsection.3.6.6}{\376\377\004\041\004\062\004\117\004\067\004\114\000\040\004\102\004\065\004\100\004\074\004\070\004\075\004\060\000\040\004\101\000\040\004\072\004\076\004\075\004\102\004\065\004\072\004\101\004\102\004\076\004\074}{subsection.3.6}% 15
\BOOKMARK [3][-]{subsubsection.3.6.7}{\376\377\004\024\004\100\004\103\004\063\004\076\004\065\000\040\004\077\004\100\004\065\004\064\004\073\004\076\004\066\004\065\004\075\004\070\004\065\000\040\004\102\004\065\004\100\004\074\004\070\004\075\004\060\000\040\000\050\000T\000s\000e\000n\000t\000e\000n\000c\000e\000\051}{subsection.3.6}% 16
\BOOKMARK [3][-]{subsubsection.3.6.8}{\376\377\004\037\004\076\004\064\004\101\004\107\004\065\004\102\000\040\004\076\004\106\004\065\004\075\004\072\004\070\000\040\004\102\004\065\004\100\004\074\004\070\004\075\004\060}{subsection.3.6}% 17
\BOOKMARK [2][-]{subsection.3.7}{\376\377\004\041\004\100\004\060\004\062\004\075\004\065\004\075\004\070\004\065\000\040\004\074\004\065\004\102\004\076\004\064\004\076\004\062}{section.3}% 18
\BOOKMARK [2][-]{subsection.3.8}{\376\377\004\034\004\076\004\064\004\070\004\104\004\070\004\072\004\060\004\106\004\070\004\117}{section.3}% 19
\BOOKMARK [2][-]{subsection.3.9}{\376\377\004\027\004\060\004\072\004\073\004\116\004\107\004\065\004\075\004\070\004\065}{section.3}% 20
\BOOKMARK [1][-]{section.4}{\376\377\004\032\004\076\004\075\004\101\004\102\004\100\004\103\004\072\004\102\004\076\004\100\004\101\004\072\004\070\004\071\000\040\004\100\004\060\004\067\004\064\004\065\004\073}{}% 21
\BOOKMARK [2][-]{subsection.4.1}{\376\377\000Y\000a\000k\000e}{section.4}% 22
\BOOKMARK [2][-]{subsection.4.2}{\376\377\004\020\004\100\004\105\004\070\004\102\004\065\004\072\004\102\004\103\004\100\004\060\000\040\004\037\004\036}{section.4}% 23
\BOOKMARK [2][-]{subsection.4.3}{\376\377\004\022\004\113\004\062\004\076\004\064}{section.4}% 24
\BOOKMARK [1][-]{section.5}{\376\377\004\042\004\065\004\105\004\075\004\076\004\073\004\076\004\063\004\070\004\107\004\065\004\101\004\072\004\070\004\071}{}% 25
\BOOKMARK [2][-]{subsection.5.1}{\376\377\004\041\004\070\004\101\004\102\004\065\004\074\004\075\004\113\004\065\000\040\004\102\004\100\004\065\004\061\004\076\004\062\004\060\004\075\004\070\004\117}{section.5}% 26
\BOOKMARK [2][-]{subsection.5.2}{\376\377\004\057\004\067\004\113\004\072\000\040\004\077\004\100\004\076\004\063\004\100\004\060\004\074\004\074\004\070\004\100\004\076\004\062\004\060\004\075\004\070\004\117}{section.5}% 27
\BOOKMARK [3][-]{subsubsection.5.2.1}{\376\377\000P\000y\000t\000h\000o\000n}{subsection.5.2}% 28
\BOOKMARK [3][-]{subsubsection.5.2.2}{\376\377\000C\000+\000+}{subsection.5.2}% 29
\BOOKMARK [3][-]{subsubsection.5.2.3}{\376\377\000C\000\043}{subsection.5.2}% 30
\BOOKMARK [2][-]{subsection.5.3}{\376\377\004\044\004\076\004\100\004\074\004\060\004\102\000\040\004\104\004\060\004\071\004\073\004\076\004\062}{section.5}% 31
\BOOKMARK [2][-]{subsection.5.4}{\376\377\004\021\004\070\004\061\004\073\004\070\004\076\004\102\004\065\004\072\004\070}{section.5}% 32
\BOOKMARK [2][-]{subsection.5.5}{\376\377\004\023\004\100\004\060\004\104\004\070\004\107\004\065\004\101\004\072\004\070\004\071\000\040\004\070\004\075\004\102\004\065\004\100\004\104\004\065\004\071\004\101}{section.5}% 33
\BOOKMARK [2][-]{subsection.5.6}{\376\377\004\041\004\100\004\065\004\064\004\060\000\040\004\100\004\060\004\067\004\100\004\060\004\061\004\076\004\102\004\072\004\070}{section.5}% 34
\BOOKMARK [2][-]{subsection.5.7}{\376\377\004\041\004\070\004\101\004\102\004\065\004\074\004\060\000\040\004\072\004\076\004\075\004\102\004\100\004\076\004\073\004\117\000\040\004\062\004\065\004\100\004\101\004\070\004\071}{section.5}% 35
\BOOKMARK [2][-]{subsection.5.8}{\376\377\004\022\004\113\004\062\004\076\004\064}{section.5}% 36
\BOOKMARK [1][-]{section.6}{\376\377\004\055\004\072\004\101\004\077\004\065\004\100\004\070\004\074\004\065\004\075\004\102\004\060\004\073\004\114\004\075\004\113\004\071\000\040\004\100\004\060\004\067\004\064\004\065\004\073}{}% 37
\BOOKMARK [2][-]{subsection.6.1}{\376\377\004\030\004\101\004\101\004\073\004\065\004\064\004\076\004\062\004\060\004\075\004\070\004\065\000\040\004\067\004\060\004\062\004\070\004\101\004\070\004\074\004\076\004\101\004\102\004\070\000\040\004\100\004\065\004\067\004\103\004\073\004\114\004\102\004\060\004\102\004\060\000\040\004\076\004\102\000\040\004\077\004\060\004\100\004\060\004\074\004\065\004\102\004\100\004\060\000\040\000n}{section.6}% 38
\BOOKMARK [2][-]{subsection.6.2}{\376\377\004\030\004\101\004\101\004\073\004\065\004\064\004\076\004\062\004\060\004\075\004\070\004\065\000\040\004\102\004\076\004\107\004\075\004\076\004\101\004\102\004\070\000\040\004\074\004\065\004\102\004\076\004\064\004\060}{section.6}% 39
\BOOKMARK [2][-]{subsection.6.3}{\376\377\004\030\004\101\004\101\004\073\004\065\004\064\004\076\004\062\004\060\004\075\004\070\004\065\000\040\004\115\004\104\004\104\004\065\004\072\004\102\004\070\004\062\004\075\004\076\004\101\004\102\004\070\000\040\004\074\004\065\004\102\004\076\004\064\004\060}{section.6}% 40
\BOOKMARK [2][-]{subsection.6.4}{\376\377\004\022\004\113\004\062\004\076\004\064}{section.6}% 41
\BOOKMARK [1][-]{section.7}{\376\377\004\027\004\060\004\072\004\073\004\116\004\107\004\065\004\075\004\070\004\065}{}% 42
\BOOKMARK [1][-]{Item.124}{\376\377\004\041\004\077\004\070\004\101\004\076\004\072\000\040\004\070\004\101\004\077\004\076\004\073\004\114\004\067\004\076\004\062\004\060\004\075\004\075\004\113\004\105\000\040\004\070\004\101\004\102\004\076\004\107\004\075\004\070\004\072\004\076\004\062}{}% 43
