\BOOKMARK [0][-]{chapter*.4}{\376\377\004\040\004\025\004\044\004\025\004\040\004\020\004\042\000\040\000\050\004\020\004\035\004\035\004\036\004\042\004\020\004\046\004\030\004\057\000\051}{}% 1
\BOOKMARK [0][-]{chapter*.6}{\376\377\004\022\004\022\004\025\004\024\004\025\004\035\004\030\004\025}{}% 2
\BOOKMARK [0][-]{chapter.1}{\376\377\004\020\004\075\004\060\004\073\004\070\004\102\004\070\004\107\004\065\004\101\004\072\004\070\004\071\000\040\004\100\004\060\004\067\004\064\004\065\004\073}{}% 3
\BOOKMARK [1][-]{subsection.1.0.1}{\376\377\004\027\004\060\004\064\004\060\004\107\004\060\000\040\004\060\004\062\004\102\004\076\004\074\004\060\004\102\004\070\004\107\004\065\004\101\004\072\004\076\004\063\004\076\000\040\004\070\004\067\004\062\004\073\004\065\004\107\004\065\004\075\004\070\004\117\000\040\004\072\004\073\004\116\004\107\004\065\004\062\004\113\004\105\000\040\004\101\004\073\004\076\004\062\000\040\004\070\004\067\000\040\004\102\004\065\004\072\004\101\004\102\004\060\000\040\004\075\004\060\000\040\004\065\004\101\004\102\004\065\004\101\004\102\004\062\004\065\004\075\004\075\004\076\004\074\000\040\004\117\004\067\004\113\004\072\004\065}{chapter.1}% 4
\BOOKMARK [2][-]{subsection.1.0.2}{\376\377\004\041\004\070\004\101\004\102\004\065\004\074\004\060\004\102\004\070\004\067\004\060\004\106\004\070\004\117\000\040\004\074\004\065\004\102\004\076\004\064\004\076\004\062}{subsection.1.0.1}% 5
\BOOKMARK [2][-]{subsection.1.0.3}{\376\377\000T\000F\000-\000I\000D\000F}{subsection.1.0.1}% 6
\BOOKMARK [2][-]{subsection.1.0.4}{\376\377\000R\000a\000k\000e}{subsection.1.0.1}% 7
\BOOKMARK [2][-]{subsection.1.0.5}{\376\377\000Y\000a\000k\000e}{subsection.1.0.1}% 8
\BOOKMARK [2][-]{subsection.1.0.6}{\376\377\004\041\004\100\004\060\004\062\004\075\004\065\004\075\004\070\004\065\000\040\004\074\004\065\004\102\004\076\004\064\004\076\004\062}{subsection.1.0.1}% 9
\BOOKMARK [2][-]{subsection.1.0.7}{\376\377\004\034\004\076\004\064\004\070\004\104\004\070\004\072\004\060\004\106\004\070\004\117}{subsection.1.0.1}% 10
\BOOKMARK [2][-]{subsection.1.0.8}{\376\377\004\027\004\060\004\072\004\073\004\116\004\107\004\065\004\075\004\070\004\065}{subsection.1.0.1}% 11
\BOOKMARK [0][-]{chapter.2}{\376\377\004\032\004\076\004\075\004\101\004\102\004\100\004\103\004\072\004\102\004\076\004\100\004\101\004\072\004\070\004\071\000\040\004\100\004\060\004\067\004\064\004\065\004\073}{}% 12
\BOOKMARK [1][-]{subsection.2.0.1}{\376\377\000Y\000a\000k\000e}{chapter.2}% 13
\BOOKMARK [2][-]{subsection.2.0.2}{\376\377\004\020\004\100\004\105\004\070\004\102\004\065\004\072\004\102\004\103\004\100\004\060\000\040\004\037\004\036}{subsection.2.0.1}% 14
\BOOKMARK [2][-]{subsection.2.0.3}{\376\377\004\022\004\113\004\062\004\076\004\064}{subsection.2.0.1}% 15
\BOOKMARK [0][-]{chapter.3}{\376\377\004\042\004\065\004\105\004\075\004\076\004\073\004\076\004\063\004\070\004\107\004\065\004\101\004\072\004\070\004\071}{}% 16
\BOOKMARK [1][-]{subsection.3.0.1}{\376\377\004\041\004\070\004\101\004\102\004\065\004\074\004\075\004\113\004\065\000\040\004\102\004\100\004\065\004\061\004\076\004\062\004\060\004\075\004\070\004\117}{chapter.3}% 17
\BOOKMARK [2][-]{subsection.3.0.2}{\376\377\004\057\004\067\004\113\004\072\000\040\004\077\004\100\004\076\004\063\004\100\004\060\004\074\004\074\004\070\004\100\004\076\004\062\004\060\004\075\004\070\004\117}{subsection.3.0.1}% 18
\BOOKMARK [2][-]{subsection.3.0.3}{\376\377\004\044\004\076\004\100\004\074\004\060\004\102\000\040\004\062\004\105\004\076\004\064\004\075\004\113\004\105\000\040\004\064\004\060\004\075\004\075\004\113\004\105}{subsection.3.0.1}% 19
\BOOKMARK [2][-]{subsection.3.0.4}{\376\377\004\021\004\070\004\061\004\073\004\070\004\076\004\102\004\065\004\072\004\070}{subsection.3.0.1}% 20
\BOOKMARK [2][-]{subsection.3.0.5}{\376\377\004\023\004\100\004\060\004\104\004\070\004\107\004\065\004\101\004\072\004\070\004\071\000\040\004\070\004\075\004\102\004\065\004\100\004\104\004\065\004\071\004\101}{subsection.3.0.1}% 21
\BOOKMARK [2][-]{subsection.3.0.6}{\376\377\004\041\004\100\004\065\004\064\004\060\000\040\004\100\004\060\004\067\004\100\004\060\004\061\004\076\004\102\004\072\004\070}{subsection.3.0.1}% 22
\BOOKMARK [2][-]{subsection.3.0.7}{\376\377\004\041\004\070\004\101\004\102\004\065\004\074\004\060\000\040\004\072\004\076\004\075\004\102\004\100\004\076\004\073\004\117\000\040\004\062\004\065\004\100\004\101\004\070\004\071}{subsection.3.0.1}% 23
\BOOKMARK [2][-]{subsection.3.0.8}{\376\377\004\022\004\113\004\062\004\076\004\064}{subsection.3.0.1}% 24
\BOOKMARK [0][-]{chapter.4}{\376\377\004\055\004\072\004\101\004\077\004\065\004\100\004\070\004\074\004\065\004\075\004\102\004\060\004\073\004\114\004\075\004\113\004\071\000\040\004\100\004\060\004\067\004\064\004\065\004\073}{}% 25
\BOOKMARK [1][-]{section.4.1}{\376\377\004\030\004\101\004\101\004\073\004\065\004\064\004\076\004\062\004\060\004\075\004\070\004\065\000\040\004\067\004\060\004\062\004\070\004\101\004\070\004\074\004\076\004\101\004\102\004\070\000\040\004\100\004\065\004\067\004\103\004\073\004\114\004\102\004\060\004\102\004\060\000\040\004\076\004\102\000\040\004\077\004\060\004\100\004\060\004\074\004\065\004\102\004\100\004\060\000\040\000n}{chapter.4}% 26
\BOOKMARK [2][-]{subsection.4.1.1}{\376\377\004\030\004\101\004\101\004\073\004\065\004\064\004\076\004\062\004\060\004\075\004\070\004\065\000\040\004\102\004\076\004\107\004\075\004\076\004\101\004\102\004\070\000\040\004\074\004\065\004\102\004\076\004\064\004\060}{section.4.1}% 27
\BOOKMARK [2][-]{subsection.4.1.2}{\376\377\004\030\004\101\004\101\004\073\004\065\004\064\004\076\004\062\004\060\004\075\004\070\004\065\000\040\004\115\004\104\004\104\004\065\004\072\004\102\004\070\004\062\004\075\004\076\004\101\004\102\004\070\000\040\004\074\004\065\004\102\004\076\004\064\004\060}{section.4.1}% 28
\BOOKMARK [2][-]{subsection.4.1.3}{\376\377\004\022\004\113\004\062\004\076\004\064}{section.4.1}% 29
\BOOKMARK [0][-]{chapter*.39}{\376\377\004\027\004\020\004\032\004\033\004\056\004\047\004\025\004\035\004\030\004\025}{}% 30
