\BOOKMARK [0][-]{chapter*.2}{\376\377\004\040\004\025\004\044\004\025\004\040\004\020\004\042}{}% 1
\BOOKMARK [0][-]{chapter*.4}{\376\377\004\036\004\037\004\040\004\025\004\024\004\025\004\033\004\025\004\035\004\030\004\057}{}% 2
\BOOKMARK [0][-]{chapter*.5}{\376\377\004\036\004\021\004\036\004\027\004\035\004\020\004\047\004\025\004\035\004\030\004\057\000\040\004\030\000\040\004\041\004\036\004\032\004\040\004\020\004\051\004\025\004\035\004\030\004\057}{}% 3
\BOOKMARK [0][-]{chapter*.6}{\376\377\004\022\004\022\004\025\004\024\004\025\004\035\004\030\004\025}{}% 4
\BOOKMARK [0][-]{chapter.1}{\376\377\004\020\004\075\004\060\004\073\004\070\004\102\004\070\004\107\004\065\004\101\004\072\004\070\004\071\000\040\004\100\004\060\004\067\004\064\004\065\004\073}{}% 5
\BOOKMARK [1][-]{section.1.1}{\376\377\004\027\004\060\004\064\004\060\004\107\004\060\000\040\004\060\004\062\004\102\004\076\004\074\004\060\004\102\004\070\004\107\004\065\004\101\004\072\004\076\004\063\004\076\000\040\004\070\004\067\004\062\004\073\004\065\004\107\004\065\004\075\004\070\004\117\000\040\004\072\004\073\004\116\004\107\004\065\004\062\004\113\004\105\000\040\004\101\004\073\004\076\004\062\000\040\004\070\004\067\000\040\004\102\004\065\004\072\004\101\004\102\004\060\000\040\004\075\004\060\000\040\004\065\004\101\004\102\004\065\004\101\004\102\004\062\004\065\004\075\004\075\004\076\004\074\000\040\004\117\004\067\004\113\004\072\004\065}{chapter.1}% 6
\BOOKMARK [1][-]{section.1.2}{\376\377\004\041\004\070\004\101\004\102\004\065\004\074\004\060\004\102\004\070\004\067\004\060\004\106\004\070\004\117\000\040\004\074\004\065\004\102\004\076\004\064\004\076\004\062}{chapter.1}% 7
\BOOKMARK [1][-]{section.1.3}{\376\377\000T\000F\000-\000I\000D\000F}{chapter.1}% 8
\BOOKMARK [1][-]{section.1.4}{\376\377\000R\000a\000k\000e}{chapter.1}% 9
\BOOKMARK [1][-]{section.1.5}{\376\377\000Y\000a\000k\000e}{chapter.1}% 10
\BOOKMARK [2][-]{subsection.1.5.1}{\376\377\004\037\004\100\004\065\004\064\004\062\004\060\004\100\004\070\004\102\004\065\004\073\004\114\004\075\004\060\004\117\000\040\004\076\004\061\004\100\004\060\004\061\004\076\004\102\004\072\004\060\000\040\004\102\004\065\004\072\004\101\004\102\004\060\000\040\004\070\000\040\004\076\004\077\004\100\004\065\004\064\004\065\004\073\004\065\004\075\004\070\004\065\000\040\004\101\004\077\004\070\004\101\004\072\004\060\000\040\004\072\004\060\004\075\004\064\004\070\004\064\004\060\004\102\004\076\004\062}{section.1.5}% 11
\BOOKMARK [2][-]{subsection.1.5.2}{\376\377\004\022\004\113\004\107\004\070\004\101\004\073\004\065\004\075\004\070\004\065\000\040\004\101\004\062\004\076\004\071\004\101\004\102\004\062}{section.1.5}% 12
\BOOKMARK [2][-]{subsection.1.5.3}{\376\377\004\040\004\065\004\063\004\070\004\101\004\102\004\100\000\040\000\050\000T\000C\000a\000s\000e\000\051}{section.1.5}% 13
\BOOKMARK [2][-]{subsection.1.5.4}{\376\377\004\037\004\076\004\067\004\070\004\106\004\070\004\117\000\040\004\102\004\065\004\100\004\074\004\070\004\075\004\060\000\040\000\050\000T\000p\000o\000s\000i\000t\000i\000o\000n\000\051}{section.1.5}% 14
\BOOKMARK [2][-]{subsection.1.5.5}{\376\377\004\035\004\076\004\100\004\074\004\060\004\073\004\070\004\067\004\060\004\106\004\070\004\117\000\040\004\107\004\060\004\101\004\102\004\076\004\102\004\113\000\040\004\102\004\065\004\100\004\074\004\070\004\075\004\060\000\040\000\050\000T\000F\000n\000o\000r\000m\000\051}{section.1.5}% 15
\BOOKMARK [2][-]{subsection.1.5.6}{\376\377\004\041\004\062\004\117\004\067\004\114\000\040\004\102\004\065\004\100\004\074\004\070\004\075\004\060\000\040\004\101\000\040\004\072\004\076\004\075\004\102\004\065\004\072\004\101\004\102\004\076\004\074}{section.1.5}% 16
\BOOKMARK [2][-]{subsection.1.5.7}{\376\377\004\024\004\100\004\103\004\063\004\076\004\065\000\040\004\077\004\100\004\065\004\064\004\073\004\076\004\066\004\065\004\075\004\070\004\065\000\040\004\102\004\065\004\100\004\074\004\070\004\075\004\060\000\040\000\050\000T\000s\000e\000n\000t\000e\000n\000c\000e\000\051}{section.1.5}% 17
\BOOKMARK [2][-]{subsection.1.5.8}{\376\377\004\037\004\076\004\064\004\101\004\107\004\065\004\102\000\040\004\076\004\106\004\065\004\075\004\072\004\070\000\040\004\102\004\065\004\100\004\074\004\070\004\075\004\060}{section.1.5}% 18
\BOOKMARK [1][-]{section.1.6}{\376\377\004\041\004\100\004\060\004\062\004\075\004\065\004\075\004\070\004\065\000\040\004\074\004\065\004\102\004\076\004\064\004\076\004\062}{chapter.1}% 19
\BOOKMARK [1][-]{section.1.7}{\376\377\004\034\004\076\004\064\004\070\004\104\004\070\004\072\004\060\004\106\004\070\004\117}{chapter.1}% 20
\BOOKMARK [1][-]{section.1.8}{\376\377\004\027\004\060\004\072\004\073\004\116\004\107\004\065\004\075\004\070\004\065}{chapter.1}% 21
\BOOKMARK [0][-]{chapter.2}{\376\377\004\032\004\076\004\075\004\101\004\102\004\100\004\103\004\072\004\102\004\076\004\100\004\101\004\072\004\070\004\071\000\040\004\100\004\060\004\067\004\064\004\065\004\073}{}% 22
\BOOKMARK [1][-]{section.2.1}{\376\377\000Y\000a\000k\000e}{chapter.2}% 23
\BOOKMARK [1][-]{section.2.2}{\376\377\004\020\004\100\004\105\004\070\004\102\004\065\004\072\004\102\004\103\004\100\004\060\000\040\004\037\004\036}{chapter.2}% 24
\BOOKMARK [1][-]{section.2.3}{\376\377\004\022\004\113\004\062\004\076\004\064}{chapter.2}% 25
\BOOKMARK [0][-]{chapter.3}{\376\377\004\042\004\065\004\105\004\075\004\076\004\073\004\076\004\063\004\070\004\107\004\065\004\101\004\072\004\070\004\071\000\040\004\100\004\060\004\067\004\064\004\065\004\073}{}% 26
\BOOKMARK [1][-]{section.3.1}{\376\377\004\041\004\070\004\101\004\102\004\065\004\074\004\075\004\113\004\065\000\040\004\102\004\100\004\065\004\061\004\076\004\062\004\060\004\075\004\070\004\117}{chapter.3}% 27
\BOOKMARK [1][-]{section.3.2}{\376\377\004\057\004\067\004\113\004\072\000\040\004\077\004\100\004\076\004\063\004\100\004\060\004\074\004\074\004\070\004\100\004\076\004\062\004\060\004\075\004\070\004\117}{chapter.3}% 28
\BOOKMARK [2][-]{subsection.3.2.1}{\376\377\000P\000y\000t\000h\000o\000n}{section.3.2}% 29
\BOOKMARK [2][-]{subsection.3.2.2}{\376\377\000C\000+\000+}{section.3.2}% 30
\BOOKMARK [2][-]{subsection.3.2.3}{\376\377\000C\000\043}{section.3.2}% 31
\BOOKMARK [1][-]{section.3.3}{\376\377\004\044\004\076\004\100\004\074\004\060\004\102\000\040\004\062\004\105\004\076\004\064\004\075\004\113\004\105\000\040\004\064\004\060\004\075\004\075\004\113\004\105}{chapter.3}% 32
\BOOKMARK [1][-]{section.3.4}{\376\377\004\021\004\070\004\061\004\073\004\070\004\076\004\102\004\065\004\072\004\070}{chapter.3}% 33
\BOOKMARK [1][-]{section.3.5}{\376\377\004\023\004\100\004\060\004\104\004\070\004\107\004\065\004\101\004\072\004\070\004\071\000\040\004\070\004\075\004\102\004\065\004\100\004\104\004\065\004\071\004\101}{chapter.3}% 34
\BOOKMARK [1][-]{section.3.6}{\376\377\004\041\004\100\004\065\004\064\004\060\000\040\004\100\004\060\004\067\004\100\004\060\004\061\004\076\004\102\004\072\004\070}{chapter.3}% 35
\BOOKMARK [1][-]{section.3.7}{\376\377\004\041\004\070\004\101\004\102\004\065\004\074\004\060\000\040\004\072\004\076\004\075\004\102\004\100\004\076\004\073\004\117\000\040\004\062\004\065\004\100\004\101\004\070\004\071}{chapter.3}% 36
\BOOKMARK [1][-]{section.3.8}{\376\377\004\022\004\113\004\062\004\076\004\064}{chapter.3}% 37
\BOOKMARK [0][-]{chapter.4}{\376\377\004\030\004\101\004\101\004\073\004\065\004\064\004\076\004\062\004\060\004\102\004\065\004\073\004\114\004\101\004\072\004\070\004\071\000\040\004\100\004\060\004\067\004\064\004\065\004\073}{}% 38
\BOOKMARK [1][-]{section.4.1}{\376\377\004\030\004\101\004\101\004\073\004\065\004\064\004\076\004\062\004\060\004\075\004\070\004\065\000\040\004\105\004\060\004\100\004\060\004\072\004\102\004\065\004\100\004\070\004\101\004\102\004\070\004\072\000\040\004\074\004\065\004\102\004\076\004\064\004\060}{chapter.4}% 39
\BOOKMARK [1][-]{section.4.2}{\376\377\004\030\004\101\004\101\004\073\004\065\004\064\004\076\004\062\004\060\004\075\004\070\004\065\000\040\004\062\004\073\004\070\004\117\004\075\004\070\004\117\000\040\004\100\004\060\004\067\004\074\004\065\004\100\004\075\004\076\004\101\004\102\004\070\000\040\000N\000-\004\063\004\100\004\060\004\074\004\074\000\040\004\075\004\060\000\040\004\100\004\060\004\061\004\076\004\102\004\103\000\040\004\074\004\065\004\102\004\076\004\064\004\060}{chapter.4}% 40
\BOOKMARK [1][-]{section.4.3}{\376\377\004\022\004\113\004\062\004\076\004\064}{chapter.4}% 41
\BOOKMARK [0][-]{chapter*.26}{\376\377\004\027\004\020\004\032\004\033\004\056\004\047\004\025\004\035\004\030\004\025}{}% 42
\BOOKMARK [0][-]{chapter*.27}{\376\377\004\041\004\037\004\030\004\041\004\036\004\032\000\040\004\030\004\041\004\037\004\036\004\033\004\054\004\027\004\036\004\022\004\020\004\035\004\035\004\053\004\045\000\040\004\030\004\041\004\042\004\036\004\047\004\035\004\030\004\032\004\036\004\022}{}% 43
\BOOKMARK [0][-]{appendix.1.A}{\376\377\004\037\004\040\004\030\004\033\004\036\004\026\004\025\004\035\004\030\004\025\000\040}{}% 44
